Determining if the pthread_create exist failed with the following output:
Change Dir: /home/sensor_jetson/amore_vision/build/CMakeFiles/CMakeTmp

Run Build Command:"/usr/bin/make" "cmTC_47c2a/fast"
/usr/bin/make -f CMakeFiles/cmTC_47c2a.dir/build.make CMakeFiles/cmTC_47c2a.dir/build
make[1]: Entering directory '/home/sensor_jetson/amore_vision/build/CMakeFiles/CMakeTmp'
Building C object CMakeFiles/cmTC_47c2a.dir/CheckSymbolExists.c.o
/usr/bin/cc    -o CMakeFiles/cmTC_47c2a.dir/CheckSymbolExists.c.o   -c /home/sensor_jetson/amore_vision/build/CMakeFiles/CMakeTmp/CheckSymbolExists.c
Linking C executable cmTC_47c2a
/usr/bin/cmake -E cmake_link_script CMakeFiles/cmTC_47c2a.dir/link.txt --verbose=1
/usr/bin/cc      -rdynamic CMakeFiles/cmTC_47c2a.dir/CheckSymbolExists.c.o  -o cmTC_47c2a 
CMakeFiles/cmTC_47c2a.dir/CheckSymbolExists.c.o: In function `main':
CheckSymbolExists.c:(.text+0x14): undefined reference to `pthread_create'
CheckSymbolExists.c:(.text+0x18): undefined reference to `pthread_create'
collect2: error: ld returned 1 exit status
CMakeFiles/cmTC_47c2a.dir/build.make:97: recipe for target 'cmTC_47c2a' failed
make[1]: *** [cmTC_47c2a] Error 1
make[1]: Leaving directory '/home/sensor_jetson/amore_vision/build/CMakeFiles/CMakeTmp'
Makefile:126: recipe for target 'cmTC_47c2a/fast' failed
make: *** [cmTC_47c2a/fast] Error 2

File /home/sensor_jetson/amore_vision/build/CMakeFiles/CMakeTmp/CheckSymbolExists.c:
/* */
#include <pthread.h>

int main(int argc, char** argv)
{
  (void)argv;
#ifndef pthread_create
  return ((int*)(&pthread_create))[argc];
#else
  (void)argc;
  return 0;
#endif
}

Determining if the function pthread_create exists in the pthreads failed with the following output:
Change Dir: /home/sensor_jetson/amore_vision/build/CMakeFiles/CMakeTmp

Run Build Command:"/usr/bin/make" "cmTC_837d1/fast"
/usr/bin/make -f CMakeFiles/cmTC_837d1.dir/build.make CMakeFiles/cmTC_837d1.dir/build
make[1]: Entering directory '/home/sensor_jetson/amore_vision/build/CMakeFiles/CMakeTmp'
Building C object CMakeFiles/cmTC_837d1.dir/CheckFunctionExists.c.o
/usr/bin/cc   -DCHECK_FUNCTION_EXISTS=pthread_create   -o CMakeFiles/cmTC_837d1.dir/CheckFunctionExists.c.o   -c /usr/share/cmake-3.10/Modules/CheckFunctionExists.c
Linking C executable cmTC_837d1
/usr/bin/cmake -E cmake_link_script CMakeFiles/cmTC_837d1.dir/link.txt --verbose=1
/usr/bin/cc  -DCHECK_FUNCTION_EXISTS=pthread_create    -rdynamic CMakeFiles/cmTC_837d1.dir/CheckFunctionExists.c.o  -o cmTC_837d1 -lpthreads 
/usr/bin/ld: cannot find -lpthreads
collect2: error: ld returned 1 exit status
CMakeFiles/cmTC_837d1.dir/build.make:97: recipe for target 'cmTC_837d1' failed
make[1]: *** [cmTC_837d1] Error 1
make[1]: Leaving directory '/home/sensor_jetson/amore_vision/build/CMakeFiles/CMakeTmp'
Makefile:126: recipe for target 'cmTC_837d1/fast' failed
make: *** [cmTC_837d1/fast] Error 2


